<?xml version="1.0" encoding="UTF-8"?>
<testng-results skipped="2" failed="0" total="2" passed="0">
  <reporter-output>
  </reporter-output>
  <suite name="Default suite" duration-ms="233" started-at="2017-08-10T06:05:53Z" finished-at="2017-08-10T06:05:54Z">
    <groups>
    </groups>
    <test name="Default test" duration-ms="233" started-at="2017-08-10T06:05:53Z" finished-at="2017-08-10T06:05:54Z">
      <class name="scripts.Ravi1">
        <test-method status="FAIL" signature="startReport()[pri:0, instance:scripts.Ravi1@6d78f375]" name="startReport" is-config="true" duration-ms="0" started-at="2017-08-10T11:35:53Z" finished-at="2017-08-10T11:35:53Z">
          <exception class="java.lang.NoClassDefFoundError">
            <message>
              <![CDATA[freemarker/template/TemplateException]]>
            </message>
            <full-stacktrace>
              <![CDATA[java.lang.NoClassDefFoundError: freemarker/template/TemplateException
	at com.relevantcodes.extentreports.ExtentReports.<init>(ExtentReports.java:78)
	at com.relevantcodes.extentreports.ExtentReports.<init>(ExtentReports.java:362)
	at scripts.Ravi1.startReport(Ravi1.java:25)
	at sun.reflect.NativeMethodAccessorImpl.invoke0(Native Method)
	at sun.reflect.NativeMethodAccessorImpl.invoke(NativeMethodAccessorImpl.java:62)
	at sun.reflect.DelegatingMethodAccessorImpl.invoke(DelegatingMethodAccessorImpl.java:43)
	at java.lang.reflect.Method.invoke(Method.java:498)
	at org.testng.internal.MethodInvocationHelper.invokeMethod(MethodInvocationHelper.java:85)
	at org.testng.internal.Invoker.invokeConfigurationMethod(Invoker.java:510)
	at org.testng.internal.Invoker.invokeConfigurations(Invoker.java:211)
	at org.testng.internal.Invoker.invokeConfigurations(Invoker.java:138)
	at org.testng.TestRunner.beforeRun(TestRunner.java:648)
	at org.testng.TestRunner.run(TestRunner.java:616)
	at org.testng.SuiteRunner.runTest(SuiteRunner.java:359)
	at org.testng.SuiteRunner.runSequentially(SuiteRunner.java:354)
	at org.testng.SuiteRunner.privateRun(SuiteRunner.java:312)
	at org.testng.SuiteRunner.run(SuiteRunner.java:261)
	at org.testng.SuiteRunnerWorker.runSuite(SuiteRunnerWorker.java:52)
	at org.testng.SuiteRunnerWorker.run(SuiteRunnerWorker.java:86)
	at org.testng.TestNG.runSuitesSequentially(TestNG.java:1215)
	at org.testng.TestNG.runSuitesLocally(TestNG.java:1140)
	at org.testng.TestNG.run(TestNG.java:1048)
	at org.testng.remote.AbstractRemoteTestNG.run(AbstractRemoteTestNG.java:132)
	at org.testng.remote.RemoteTestNG.initAndRun(RemoteTestNG.java:230)
	at org.testng.remote.RemoteTestNG.main(RemoteTestNG.java:76)
Caused by: java.lang.ClassNotFoundException: freemarker.template.TemplateException
	at java.net.URLClassLoader.findClass(URLClassLoader.java:381)
	at java.lang.ClassLoader.loadClass(ClassLoader.java:424)
	at sun.misc.Launcher$AppClassLoader.loadClass(Launcher.java:335)
	at java.lang.ClassLoader.loadClass(ClassLoader.java:357)
	... 25 more
]]>
            </full-stacktrace>
          </exception> <!-- java.lang.NoClassDefFoundError -->
          <reporter-output>
          </reporter-output>
        </test-method> <!-- startReport -->
        <test-method status="SKIP" signature="demoReportFail()[pri:0, instance:scripts.Ravi1@6d78f375]" name="demoReportFail" duration-ms="3" started-at="2017-08-10T11:35:54Z" finished-at="2017-08-10T11:35:54Z">
          <reporter-output>
          </reporter-output>
        </test-method> <!-- demoReportFail -->
        <test-method status="SKIP" signature="getResult(org.testng.ITestResult)[pri:0, instance:scripts.Ravi1@6d78f375]" name="getResult" is-config="true" duration-ms="0" started-at="2017-08-10T11:35:54Z" finished-at="2017-08-10T11:35:54Z">
          <reporter-output>
          </reporter-output>
        </test-method> <!-- getResult -->
        <test-method status="SKIP" signature="demoReportPass()[pri:0, instance:scripts.Ravi1@6d78f375]" name="demoReportPass" duration-ms="1" started-at="2017-08-10T11:35:54Z" finished-at="2017-08-10T11:35:54Z">
          <reporter-output>
          </reporter-output>
        </test-method> <!-- demoReportPass -->
        <test-method status="SKIP" signature="getResult(org.testng.ITestResult)[pri:0, instance:scripts.Ravi1@6d78f375]" name="getResult" is-config="true" duration-ms="0" started-at="2017-08-10T11:35:54Z" finished-at="2017-08-10T11:35:54Z">
          <reporter-output>
          </reporter-output>
        </test-method> <!-- getResult -->
        <test-method status="SKIP" signature="endreport()[pri:0, instance:scripts.Ravi1@6d78f375]" name="endreport" is-config="true" duration-ms="0" started-at="2017-08-10T11:35:54Z" finished-at="2017-08-10T11:35:54Z">
          <reporter-output>
          </reporter-output>
        </test-method> <!-- endreport -->
      </class> <!-- scripts.Ravi1 -->
    </test> <!-- Default test -->
  </suite> <!-- Default suite -->
</testng-results>
